2025-04-03 12:20:52,992 - INFO - Hi! I am GitHub Follower Bot.
2025-04-03 12:20:52,992 - INFO - Letting you follow all your followers!
2025-04-03 12:20:52,992 - INFO - Starting to fetch your follower lists...

2025-04-03 12:20:52,992 - INFO - Checking user profile at: https://api.github.com/users/torvalds
2025-04-03 12:20:53,514 - INFO - GitHub reports that torvalds has 230946 followers and is following 0 users.
2025-04-03 12:20:53,514 - INFO - Loaded 0 already followed users.
2025-04-03 12:20:53,514 - INFO - Processing all followers without resume.
2025-04-03 12:20:53,514 - INFO - Starting from page: 1
2025-04-03 12:20:53,515 - INFO - Current follower counter: 0
2025-04-03 12:20:53,985 - INFO - Rate Limit - Remaining: 4984, Reset at: 2025-04-03 12:44:19
2025-04-03 12:20:53,985 - INFO - Fetching followers from: https://api.github.com/users/torvalds/followers?per_page=100&page=1
2025-04-03 12:20:54,586 - DEBUG - Number of followers fetched: 100
2025-04-03 12:20:54,587 - INFO - Fetched 100 followers on page 1.
2025-04-03 12:20:54,587 - INFO - Sleeping for 5 seconds before following users.
2025-04-03 12:20:59,590 - INFO - Attempting to follow user: sprsquish
2025-04-03 12:21:00,213 - INFO - Successfully followed user: sprsquish
2025-04-03 12:21:00,215 - DEBUG - Appended user sprsquish to followers.txt.
2025-04-03 12:21:00,216 - INFO - Follower counter updated: 1
2025-04-03 12:21:00,216 - INFO - Sleeping for 10.08 seconds before the next follow.
2025-04-03 12:21:10,297 - INFO - Attempting to follow user: pius
2025-04-03 12:21:10,794 - INFO - Successfully followed user: pius
2025-04-03 12:21:10,796 - DEBUG - Appended user pius to followers.txt.
2025-04-03 12:21:10,796 - INFO - Follower counter updated: 2
2025-04-03 12:21:10,797 - INFO - Sleeping for 13.19 seconds before the next follow.
2025-04-03 12:21:23,990 - INFO - Attempting to follow user: therubymug
2025-04-03 12:21:24,556 - INFO - Successfully followed user: therubymug
2025-04-03 12:21:24,557 - DEBUG - Appended user therubymug to followers.txt.
2025-04-03 12:21:24,558 - INFO - Follower counter updated: 3
2025-04-03 12:21:24,558 - INFO - Sleeping for 14.03 seconds before the next follow.
2025-04-03 12:21:38,597 - INFO - Attempting to follow user: crafterm
2025-04-03 12:21:39,086 - INFO - Successfully followed user: crafterm
2025-04-03 12:21:39,088 - DEBUG - Appended user crafterm to followers.txt.
2025-04-03 12:21:39,089 - INFO - Follower counter updated: 4
2025-04-03 12:21:39,089 - INFO - Sleeping for 10.86 seconds before the next follow.
2025-04-03 12:21:49,951 - INFO - Attempting to follow user: auser
2025-04-03 12:21:50,594 - INFO - Successfully followed user: auser
2025-04-03 12:21:50,596 - DEBUG - Appended user auser to followers.txt.
2025-04-03 12:21:50,597 - INFO - Follower counter updated: 5
2025-04-03 12:21:50,598 - INFO - Sleeping for 14.22 seconds before the next follow.
2025-04-03 12:22:04,820 - INFO - Attempting to follow user: jarib
2025-04-03 12:22:05,442 - INFO - Successfully followed user: jarib
2025-04-03 12:22:05,444 - DEBUG - Appended user jarib to followers.txt.
2025-04-03 12:22:05,445 - INFO - Follower counter updated: 6
2025-04-03 12:22:05,445 - INFO - Sleeping for 11.95 seconds before the next follow.
2025-04-03 12:22:17,398 - INFO - Attempting to follow user: komapa
2025-04-03 12:22:17,952 - INFO - Successfully followed user: komapa
2025-04-03 12:22:17,954 - DEBUG - Appended user komapa to followers.txt.
2025-04-03 12:22:17,954 - INFO - Follower counter updated: 7
2025-04-03 12:22:17,955 - INFO - Sleeping for 11.66 seconds before the next follow.
2025-04-03 12:22:29,617 - INFO - Attempting to follow user: gjnoonan
2025-04-03 12:22:30,083 - INFO - Successfully followed user: gjnoonan
2025-04-03 12:22:30,084 - DEBUG - Appended user gjnoonan to followers.txt.
2025-04-03 12:22:30,085 - INFO - Follower counter updated: 8
2025-04-03 12:22:30,085 - INFO - Sleeping for 13.82 seconds before the next follow.
2025-04-03 12:22:43,909 - INFO - Attempting to follow user: malkomalko
2025-04-03 12:22:44,442 - INFO - Successfully followed user: malkomalko
2025-04-03 12:22:44,443 - DEBUG - Appended user malkomalko to followers.txt.
2025-04-03 12:22:44,444 - INFO - Follower counter updated: 9
2025-04-03 12:22:44,444 - INFO - Sleeping for 12.58 seconds before the next follow.
2025-04-03 12:22:57,024 - INFO - Attempting to follow user: peleteiro
2025-04-03 12:22:57,565 - INFO - Successfully followed user: peleteiro
2025-04-03 12:22:57,566 - DEBUG - Appended user peleteiro to followers.txt.
2025-04-03 12:22:57,567 - INFO - Follower counter updated: 10
2025-04-03 12:22:57,567 - INFO - Sleeping for 12.63 seconds before the next follow.
2025-04-03 12:23:10,202 - INFO - Attempting to follow user: mountain
2025-04-03 12:23:10,776 - INFO - Successfully followed user: mountain
2025-04-03 12:23:10,777 - DEBUG - Appended user mountain to followers.txt.
2025-04-03 12:23:10,779 - INFO - Follower counter updated: 11
2025-04-03 12:23:10,779 - INFO - Sleeping for 10.77 seconds before the next follow.
2025-04-03 12:23:21,553 - INFO - Attempting to follow user: scotu
2025-04-03 12:23:22,041 - INFO - Successfully followed user: scotu
2025-04-03 12:23:22,042 - DEBUG - Appended user scotu to followers.txt.
2025-04-03 12:23:22,043 - INFO - Follower counter updated: 12
2025-04-03 12:23:22,043 - INFO - Sleeping for 14.69 seconds before the next follow.
2025-04-03 12:23:36,732 - INFO - Attempting to follow user: mmmurf
2025-04-03 12:23:37,297 - INFO - Successfully followed user: mmmurf
2025-04-03 12:23:37,298 - DEBUG - Appended user mmmurf to followers.txt.
2025-04-03 12:23:37,299 - INFO - Follower counter updated: 13
2025-04-03 12:23:37,300 - INFO - Sleeping for 10.04 seconds before the next follow.
2025-04-03 12:23:47,346 - INFO - Attempting to follow user: codeslinger
2025-04-03 12:23:47,946 - INFO - Successfully followed user: codeslinger
2025-04-03 12:23:47,948 - DEBUG - Appended user codeslinger to followers.txt.
2025-04-03 12:23:47,949 - INFO - Follower counter updated: 14
2025-04-03 12:23:47,949 - INFO - Sleeping for 14.23 seconds before the next follow.
2025-04-03 12:24:02,186 - INFO - Attempting to follow user: amiroff
2025-04-03 12:24:02,732 - INFO - Successfully followed user: amiroff
2025-04-03 12:24:02,733 - DEBUG - Appended user amiroff to followers.txt.
2025-04-03 12:24:02,733 - INFO - Follower counter updated: 15
2025-04-03 12:24:02,733 - INFO - Sleeping for 13.94 seconds before the next follow.
2025-04-03 12:24:16,678 - INFO - Attempting to follow user: constantine-nikolaou
2025-04-03 12:24:17,234 - INFO - Successfully followed user: constantine-nikolaou
2025-04-03 12:24:17,235 - DEBUG - Appended user constantine-nikolaou to followers.txt.
2025-04-03 12:24:17,236 - INFO - Follower counter updated: 16
2025-04-03 12:24:17,236 - INFO - Sleeping for 12.70 seconds before the next follow.
2025-04-11 04:23:54,525 - INFO - Hi! I am GitHub Follower Bot.
2025-04-11 04:23:54,525 - INFO - Letting you follow all your followers!
2025-04-11 04:23:54,526 - INFO - Starting to fetch your follower lists...

2025-04-11 04:23:54,526 - INFO - Checking user profile at: https://api.github.com/users/officialcodevoyage
2025-04-11 04:23:54,632 - INFO - GitHub reports that officialcodevoyage has 6679 followers and is following 956171 users.
2025-04-11 04:23:54,632 - INFO - Loaded 16 already followed users.
2025-04-11 04:23:54,632 - INFO - Processing all followers without resume.
2025-04-11 04:23:54,632 - INFO - Starting from page: 1
2025-04-11 04:23:54,633 - INFO - Current follower counter: 16
2025-04-11 04:23:54,720 - INFO - Rate Limit - Remaining: 4999, Reset at: 2025-04-11 05:23:54
2025-04-11 04:23:54,721 - INFO - Fetching followers from: https://api.github.com/users/officialcodevoyage/followers?per_page=100&page=1
2025-04-11 04:23:54,820 - DEBUG - Number of followers fetched: 100
2025-04-11 04:23:54,820 - INFO - Fetched 100 followers on page 1.
2025-04-11 04:23:54,820 - INFO - Sleeping for 5 seconds before following users.
2025-04-11 04:23:59,825 - INFO - Attempting to follow user: copyleftdev
2025-04-11 04:23:59,912 - INFO - Successfully followed user: copyleftdev
2025-04-11 04:23:59,913 - DEBUG - Appended user copyleftdev to followers.txt.
2025-04-11 04:23:59,914 - INFO - Follower counter updated: 17
2025-04-11 04:23:59,914 - INFO - Sleeping for 12.61 seconds before the next follow.
2025-04-11 04:24:12,526 - INFO - Attempting to follow user: kiirpi
2025-04-11 04:24:12,644 - INFO - Successfully followed user: kiirpi
2025-04-11 04:24:12,645 - DEBUG - Appended user kiirpi to followers.txt.
2025-04-11 04:24:12,645 - INFO - Follower counter updated: 18
2025-04-11 04:24:12,645 - INFO - Sleeping for 14.65 seconds before the next follow.
2025-04-11 04:24:27,314 - INFO - Attempting to follow user: Arcko
2025-04-11 04:24:27,409 - INFO - Successfully followed user: Arcko
2025-04-11 04:24:27,410 - DEBUG - Appended user Arcko to followers.txt.
2025-04-11 04:24:27,411 - INFO - Follower counter updated: 19
2025-04-11 04:24:27,411 - INFO - Sleeping for 10.02 seconds before the next follow.
2025-04-11 04:24:37,434 - INFO - Attempting to follow user: berlinbrown
2025-04-11 04:24:37,522 - INFO - Successfully followed user: berlinbrown
2025-04-11 04:24:37,523 - DEBUG - Appended user berlinbrown to followers.txt.
2025-04-11 04:24:37,523 - INFO - Follower counter updated: 20
2025-04-11 04:24:37,524 - INFO - Sleeping for 13.62 seconds before the next follow.
2025-04-11 04:24:51,158 - INFO - Attempting to follow user: andyfam
2025-04-11 04:24:51,242 - INFO - Successfully followed user: andyfam
2025-04-11 04:24:51,243 - DEBUG - Appended user andyfam to followers.txt.
2025-04-11 04:24:51,243 - INFO - Follower counter updated: 21
2025-04-11 04:24:51,243 - INFO - Sleeping for 10.82 seconds before the next follow.
2025-04-11 04:25:02,070 - INFO - Attempting to follow user: dnadlinger
2025-04-11 04:25:02,188 - INFO - Successfully followed user: dnadlinger
2025-04-11 04:25:02,189 - DEBUG - Appended user dnadlinger to followers.txt.
2025-04-11 04:25:02,189 - INFO - Follower counter updated: 22
2025-04-11 04:25:02,189 - INFO - Sleeping for 11.46 seconds before the next follow.
2025-04-11 04:25:13,657 - INFO - Attempting to follow user: 20after4
2025-04-11 04:25:13,750 - INFO - Successfully followed user: 20after4
2025-04-11 04:25:13,751 - DEBUG - Appended user 20after4 to followers.txt.
2025-04-11 04:25:13,751 - INFO - Follower counter updated: 23
2025-04-11 04:25:13,751 - INFO - Sleeping for 13.90 seconds before the next follow.
